<?xml version="1.0" encoding="UTF-8"?>
<testsuite xmlns:xsi="http://www.w3.org/2001/XMLSchema-instance" xsi:noNamespaceSchemaLocation="https://maven.apache.org/surefire/maven-surefire-plugin/xsd/surefire-test-report.xsd" version="3.0.2" name="it.realeites.learning.registroelettronicobackend.repository.MeseRepositoryTest$ScenariComplessiTest" time="0.2" tests="3" errors="0" skipped="0" failures="0">
  <properties>
[...]
</properties>
  <testcase name="gestiscePiuQueryConDiversiParametri" classname="it.realeites.learning.registroelettronicobackend.repository.MeseRepositoryTest$ScenariComplessiTest" time="0.012">
    <system-out><![CDATA[2025-07-09T16:46:16.684+02:00  INFO 86959 --- [           main] t.c.s.AnnotationConfigContextLoaderUtils : Could not detect default configuration classes for test class [it.realeites.learning.registroelettronicobackend.repository.MeseRepositoryTest]: MeseRepositoryTest does not declare any static, non-private, non-final, nested classes annotated with @Configuration.
2025-07-09T16:46:16.689+02:00  INFO 86959 --- [           main] .b.t.c.SpringBootTestContextBootstrapper : Found @SpringBootConfiguration it.realeites.learning.registroelettronicobackend.RegistroElettronicoApplication for test class it.realeites.learning.registroelettronicobackend.repository.MeseRepositoryTest
2025-07-09T16:46:16.691+02:00  INFO 86959 --- [           main] t.c.s.AnnotationConfigContextLoaderUtils : Could not detect default configuration classes for test class [it.realeites.learning.registroelettronicobackend.repository.MeseRepositoryTest$ScenariComplessiTest]: ScenariComplessiTest does not declare any static, non-private, non-final, nested classes annotated with @Configuration.
2025-07-09T16:46:16.694+02:00  INFO 86959 --- [           main] .b.t.c.SpringBootTestContextBootstrapper : Found @SpringBootConfiguration it.realeites.learning.registroelettronicobackend.RegistroElettronicoApplication for test class it.realeites.learning.registroelettronicobackend.repository.MeseRepositoryTest$ScenariComplessiTest

  .   ____          _            __ _ _
 /\\ / ___'_ __ _ _(_)_ __  __ _ \ \ \ \
( ( )\___ | '_ | '_| | '_ \/ _` | \ \ \ \
 \\/  ___)| |_)| | | | | || (_| |  ) ) ) )
  '  |____| .__|_| |_|_| |_\__, | / / / /
 =========|_|==============|___/=/_/_/_/

 :: Spring Boot ::                (v3.4.4)

2025-07-09T16:46:16.707+02:00  INFO 86959 --- [           main] i.r.l.r.repository.MeseRepositoryTest    : Starting MeseRepositoryTest using Java 24.0.1 with PID 86959 (started by wendyas in /Users/wendyas/Documents/RegistroElettronico_GRUPPO2)
2025-07-09T16:46:16.708+02:00  INFO 86959 --- [           main] i.r.l.r.repository.MeseRepositoryTest    : The following 1 profile is active: "test"
2025-07-09T16:46:16.741+02:00  INFO 86959 --- [           main] .s.d.r.c.RepositoryConfigurationDelegate : Bootstrapping Spring Data JPA repositories in DEFAULT mode.
2025-07-09T16:46:16.748+02:00  INFO 86959 --- [           main] .s.d.r.c.RepositoryConfigurationDelegate : Finished Spring Data repository scanning in 6 ms. Found 4 JPA repository interfaces.
2025-07-09T16:46:16.760+02:00  INFO 86959 --- [           main] beddedDataSourceBeanFactoryPostProcessor : Replacing 'dataSource' DataSource bean with embedded version
2025-07-09T16:46:16.765+02:00  INFO 86959 --- [           main] o.s.j.d.e.EmbeddedDatabaseFactory        : Starting embedded database: url='jdbc:h2:mem:9cb38940-7c8d-4857-a9b5-b89c73841dda;DB_CLOSE_DELAY=-1;DB_CLOSE_ON_EXIT=false', username='sa'
2025-07-09T16:46:16.773+02:00  INFO 86959 --- [           main] o.hibernate.jpa.internal.util.LogHelper  : HHH000204: Processing PersistenceUnitInfo [name: default]
2025-07-09T16:46:16.774+02:00  INFO 86959 --- [           main] o.h.c.internal.RegionFactoryInitiator    : HHH000026: Second-level cache disabled
2025-07-09T16:46:16.778+02:00  INFO 86959 --- [           main] o.s.o.j.p.SpringPersistenceUnitInfo      : No LoadTimeWeaver setup: ignoring JPA class transformer
2025-07-09T16:46:16.778+02:00  INFO 86959 --- [           main] org.hibernate.orm.connections.pooling    : HHH10001005: Database info:
	Database JDBC URL [Connecting through datasource 'org.springframework.jdbc.datasource.embedded.EmbeddedDatabaseFactory$EmbeddedDataSourceProxy@60b721c9']
	Database driver: undefined/unknown
	Database version: 2.3.232
	Autocommit mode: undefined/unknown
	Isolation level: undefined/unknown
	Minimum pool size: undefined/unknown
	Maximum pool size: undefined/unknown
2025-07-09T16:46:16.817+02:00  INFO 86959 --- [           main] o.h.e.t.j.p.i.JtaPlatformInitiator       : HHH000489: No JTA platform available (set 'hibernate.transaction.jta.platform' to enable JTA platform integration)
Hibernate: drop table if exists giustificativo cascade 
Hibernate: drop table if exists mese cascade 
Hibernate: drop table if exists presenza cascade 
Hibernate: drop table if exists utente cascade 
Hibernate: create table giustificativo (accettata boolean not null, id integer generated by default as identity, descrizione varchar(255), primary key (id))
Hibernate: create table mese (anno integer, id integer generated by default as identity, id_utente integer, mese_chiuso boolean, numero_mese integer, primary key (id))
Hibernate: create table presenza (approvato boolean not null, data date, id integer generated by default as identity, id_giustificativo integer, id_mese integer, id_utente integer, stato boolean, primary key (id))
Hibernate: create table utente (data_nascita date, id integer generated by default as identity, id_tutor integer, cellulare varchar(255), cognome varchar(255), email varchar(255), indirizzo varchar(255), nome varchar(255), password varchar(255), username varchar(255), ruolo enum ('TUTOR','TUTORATO'), primary key (id))
Hibernate: alter table if exists mese add constraint FKry7yig3wgt7umt62fs2dv2t0s foreign key (id_utente) references utente
Hibernate: alter table if exists presenza add constraint FK23x2n5ayu8pl04diqtx5f5wb0 foreign key (id_giustificativo) references giustificativo
Hibernate: alter table if exists presenza add constraint FK9ihyf48o9h4dtoi3a1npdkdfx foreign key (id_mese) references mese
Hibernate: alter table if exists presenza add constraint FKgy3l3tt4ymxkybyk17wuwhr8d foreign key (id_utente) references utente
Hibernate: alter table if exists utente add constraint FK68q09ja66j4bxwfw14g0i9orm foreign key (id_tutor) references utente
2025-07-09T16:46:16.822+02:00  INFO 86959 --- [           main] j.LocalContainerEntityManagerFactoryBean : Initialized JPA EntityManagerFactory for persistence unit 'default'
2025-07-09T16:46:16.855+02:00  INFO 86959 --- [           main] i.r.l.r.repository.MeseRepositoryTest    : Started MeseRepositoryTest in 0.159 seconds (process running for 3.134)
Hibernate: insert into utente (cellulare,cognome,data_nascita,email,indirizzo,nome,password,ruolo,id_tutor,username,id) values (?,?,?,?,?,?,?,?,?,?,default)
Hibernate: insert into utente (cellulare,cognome,data_nascita,email,indirizzo,nome,password,ruolo,id_tutor,username,id) values (?,?,?,?,?,?,?,?,?,?,default)
Hibernate: insert into utente (cellulare,cognome,data_nascita,email,indirizzo,nome,password,ruolo,id_tutor,username,id) values (?,?,?,?,?,?,?,?,?,?,default)
Hibernate: insert into mese (anno,mese_chiuso,numero_mese,id_utente,id) values (?,?,?,?,default)
Hibernate: insert into mese (anno,mese_chiuso,numero_mese,id_utente,id) values (?,?,?,?,default)
Hibernate: insert into mese (anno,mese_chiuso,numero_mese,id_utente,id) values (?,?,?,?,default)
Hibernate: select m1_0.id,m1_0.anno,m1_0.mese_chiuso,m1_0.numero_mese,m1_0.id_utente from mese m1_0 left join utente u1_0 on u1_0.id=m1_0.id_utente where u1_0.id=? and m1_0.numero_mese=?
Hibernate: select u1_0.id,u1_0.cellulare,u1_0.cognome,u1_0.data_nascita,u1_0.email,u1_0.indirizzo,u1_0.nome,u1_0.password,u1_0.ruolo,t1_0.id,t1_0.cellulare,t1_0.cognome,t1_0.data_nascita,t1_0.email,t1_0.indirizzo,t1_0.nome,t1_0.password,t1_0.ruolo,t1_0.id_tutor,t1_0.username,u1_0.username from utente u1_0 left join utente t1_0 on t1_0.id=u1_0.id_tutor where u1_0.id=?
Hibernate: select m1_0.id,m1_0.anno,m1_0.mese_chiuso,m1_0.numero_mese,m1_0.id_utente from mese m1_0 left join utente u1_0 on u1_0.id=m1_0.id_utente where u1_0.id=? and m1_0.numero_mese=?
Hibernate: select u1_0.id,u1_0.cellulare,u1_0.cognome,u1_0.data_nascita,u1_0.email,u1_0.indirizzo,u1_0.nome,u1_0.password,u1_0.ruolo,t1_0.id,t1_0.cellulare,t1_0.cognome,t1_0.data_nascita,t1_0.email,t1_0.indirizzo,t1_0.nome,t1_0.password,t1_0.ruolo,t1_0.id_tutor,t1_0.username,u1_0.username from utente u1_0 left join utente t1_0 on t1_0.id=u1_0.id_tutor where u1_0.id=?
Hibernate: select m1_0.id,m1_0.anno,m1_0.mese_chiuso,m1_0.numero_mese,m1_0.id_utente from mese m1_0 left join utente u1_0 on u1_0.id=m1_0.id_utente where u1_0.id=? and m1_0.numero_mese=?
]]></system-out>
  </testcase>
  <testcase name="aggiornamentiBatchMese" classname="it.realeites.learning.registroelettronicobackend.repository.MeseRepositoryTest$ScenariComplessiTest" time="0.012">
    <system-out><![CDATA[Hibernate: insert into utente (cellulare,cognome,data_nascita,email,indirizzo,nome,password,ruolo,id_tutor,username,id) values (?,?,?,?,?,?,?,?,?,?,default)
Hibernate: insert into utente (cellulare,cognome,data_nascita,email,indirizzo,nome,password,ruolo,id_tutor,username,id) values (?,?,?,?,?,?,?,?,?,?,default)
Hibernate: insert into utente (cellulare,cognome,data_nascita,email,indirizzo,nome,password,ruolo,id_tutor,username,id) values (?,?,?,?,?,?,?,?,?,?,default)
Hibernate: insert into mese (anno,mese_chiuso,numero_mese,id_utente,id) values (?,?,?,?,default)
Hibernate: insert into mese (anno,mese_chiuso,numero_mese,id_utente,id) values (?,?,?,?,default)
Hibernate: insert into mese (anno,mese_chiuso,numero_mese,id_utente,id) values (?,?,?,?,default)
Hibernate: select m1_0.id,m1_0.anno,m1_0.mese_chiuso,m1_0.numero_mese,m1_0.id_utente from mese m1_0
Hibernate: select u1_0.id,u1_0.cellulare,u1_0.cognome,u1_0.data_nascita,u1_0.email,u1_0.indirizzo,u1_0.nome,u1_0.password,u1_0.ruolo,t1_0.id,t1_0.cellulare,t1_0.cognome,t1_0.data_nascita,t1_0.email,t1_0.indirizzo,t1_0.nome,t1_0.password,t1_0.ruolo,t1_0.id_tutor,t1_0.username,u1_0.username from utente u1_0 left join utente t1_0 on t1_0.id=u1_0.id_tutor where u1_0.id=?
Hibernate: select u1_0.id,u1_0.cellulare,u1_0.cognome,u1_0.data_nascita,u1_0.email,u1_0.indirizzo,u1_0.nome,u1_0.password,u1_0.ruolo,t1_0.id,t1_0.cellulare,t1_0.cognome,t1_0.data_nascita,t1_0.email,t1_0.indirizzo,t1_0.nome,t1_0.password,t1_0.ruolo,t1_0.id_tutor,t1_0.username,u1_0.username from utente u1_0 left join utente t1_0 on t1_0.id=u1_0.id_tutor where u1_0.id=?
Hibernate: update mese set anno=?,mese_chiuso=?,numero_mese=?,id_utente=? where id=?
Hibernate: update mese set anno=?,mese_chiuso=?,numero_mese=?,id_utente=? where id=?
Hibernate: select m1_0.id,m1_0.anno,m1_0.mese_chiuso,m1_0.numero_mese,m1_0.id_utente from mese m1_0
]]></system-out>
  </testcase>
  <testcase name="gestiscePiuMesiPerStessoUtente" classname="it.realeites.learning.registroelettronicobackend.repository.MeseRepositoryTest$ScenariComplessiTest" time="0.006">
    <system-out><![CDATA[Hibernate: insert into utente (cellulare,cognome,data_nascita,email,indirizzo,nome,password,ruolo,id_tutor,username,id) values (?,?,?,?,?,?,?,?,?,?,default)
Hibernate: insert into utente (cellulare,cognome,data_nascita,email,indirizzo,nome,password,ruolo,id_tutor,username,id) values (?,?,?,?,?,?,?,?,?,?,default)
Hibernate: insert into utente (cellulare,cognome,data_nascita,email,indirizzo,nome,password,ruolo,id_tutor,username,id) values (?,?,?,?,?,?,?,?,?,?,default)
Hibernate: insert into mese (anno,mese_chiuso,numero_mese,id_utente,id) values (?,?,?,?,default)
Hibernate: insert into mese (anno,mese_chiuso,numero_mese,id_utente,id) values (?,?,?,?,default)
Hibernate: insert into mese (anno,mese_chiuso,numero_mese,id_utente,id) values (?,?,?,?,default)
Hibernate: select m1_0.id,m1_0.anno,m1_0.mese_chiuso,m1_0.numero_mese,m1_0.id_utente from mese m1_0
Hibernate: select u1_0.id,u1_0.cellulare,u1_0.cognome,u1_0.data_nascita,u1_0.email,u1_0.indirizzo,u1_0.nome,u1_0.password,u1_0.ruolo,t1_0.id,t1_0.cellulare,t1_0.cognome,t1_0.data_nascita,t1_0.email,t1_0.indirizzo,t1_0.nome,t1_0.password,t1_0.ruolo,t1_0.id_tutor,t1_0.username,u1_0.username from utente u1_0 left join utente t1_0 on t1_0.id=u1_0.id_tutor where u1_0.id=?
Hibernate: select u1_0.id,u1_0.cellulare,u1_0.cognome,u1_0.data_nascita,u1_0.email,u1_0.indirizzo,u1_0.nome,u1_0.password,u1_0.ruolo,t1_0.id,t1_0.cellulare,t1_0.cognome,t1_0.data_nascita,t1_0.email,t1_0.indirizzo,t1_0.nome,t1_0.password,t1_0.ruolo,t1_0.id_tutor,t1_0.username,u1_0.username from utente u1_0 left join utente t1_0 on t1_0.id=u1_0.id_tutor where u1_0.id=?
]]></system-out>
  </testcase>
</testsuite>